<?xml version="1.0" encoding="UTF-8"?>
<!-- Generated by org.testng.reporters.JUnitXMLReporter -->
<testsuite ignored="0" hostname="DESKTOP-BJ80FP8" failures="0" tests="1" name="Test-Runner2" time="197.588" errors="0" timestamp="2023-06-02T19:45:38 IST">
  <testcase classname="vtiger.CreateOrganizationTest.CreateOrganiationWithIndustryTest" name="createOrganiationWithIndustryTest" time="88.292"/>
</testsuite> <!-- Test-Runner2 -->
