<?xml version="1.0" encoding="UTF-8"?>
<!-- Generated by org.testng.reporters.JUnitXMLReporter -->
<testsuite ignored="0" hostname="DESKTOP-BJ80FP8" failures="0" tests="1" name="Test-Runner1" time="227.08" errors="0" timestamp="2023-06-02T19:46:08 IST">
  <testcase classname="vtiger.CreateContactTest.CreateContactWithOrganizationTest" name="createContactWithOrganizationTest" time="227.003"/>
</testsuite> <!-- Test-Runner1 -->
