<?xml version="1.0" encoding="UTF-8"?>
<!-- Generated by org.testng.reporters.JUnitReportReporter -->
<testsuite hostname="DESKTOP-BJ80FP8" failures="0" tests="1" name="vtiger.CreateContactTest.CreateContactWithOrganizationTest" time="227.003" errors="0" timestamp="2023-06-02T19:46:08 IST" skipped="0">
  <testcase classname="vtiger.CreateContactTest.CreateContactWithOrganizationTest" name="createContactWithOrganizationTest" time="227.003"/>
  <system-out/>
</testsuite> <!-- vtiger.CreateContactTest.CreateContactWithOrganizationTest -->
