<?xml version="1.0" encoding="UTF-8"?>
<!-- Generated by org.testng.reporters.JUnitReportReporter -->
<testsuite hostname="DESKTOP-BJ80FP8" failures="0" tests="4" name="vtiger_practice.DataProviderPractice" time="0.041" errors="0" timestamp="2023-07-13T16:07:25 IST" skipped="0">
  <testcase classname="vtiger_practice.DataProviderPractice" name="sampleDataTest" time="0.004"/>
  <system-out/>
  <testcase classname="vtiger_practice.DataProviderPractice" name="sampleDataTest" time="0.013"/>
  <system-out/>
  <testcase classname="vtiger_practice.DataProviderPractice" name="sampleDataTest" time="0.005"/>
  <system-out/>
  <testcase classname="vtiger_practice.DataProviderPractice" name="sampleDataTest" time="0.019"/>
  <system-out/>
</testsuite> <!-- vtiger_practice.DataProviderPractice -->
