<?xml version="1.0" encoding="UTF-8"?>
<!-- Generated by org.testng.reporters.JUnitReportReporter -->
<testsuite hostname="DESKTOP-BJ80FP8" failures="0" tests="1" name="vtiger.CreateCampaign.CreateCampaignWithProductTest" time="100.236" errors="0" timestamp="2023-06-05T20:07:14 IST" skipped="0">
  <testcase classname="vtiger.CreateCampaign.CreateCampaignWithProductTest" name="createCampaignWithProductTest" time="100.236"/>
  <system-out/>
</testsuite> <!-- vtiger.CreateCampaign.CreateCampaignWithProductTest -->
