<?xml version="1.0" encoding="UTF-8"?>
<!-- Generated by org.testng.reporters.JUnitReportReporter -->
<testsuite hostname="DESKTOP-BJ80FP8" failures="0" tests="1" name="vtiger_practice.TestNgDemo" time="0.030" errors="0" timestamp="2023-05-26T19:48:44 IST" skipped="0">
  <testcase classname="vtiger_practice.TestNgDemo" name="demo" time="0.030"/>
  <system-out/>
</testsuite> <!-- vtiger_practice.TestNgDemo -->
