<?xml version="1.0" encoding="UTF-8"?>
<!-- Generated by org.testng.reporters.JUnitReportReporter -->
<testsuite hostname="DESKTOP-BJ80FP8" failures="0" tests="1" name="vtiger.CreateOpportunity.CreateOpportunityWithContactsTest" time="60.171" errors="0" timestamp="2023-06-01T19:31:47 IST" skipped="0">
  <testcase classname="vtiger.CreateOpportunity.CreateOpportunityWithContactsTest" name="createOpportunityWithContactsTest" time="60.171"/>
  <system-out/>
</testsuite> <!-- vtiger.CreateOpportunity.CreateOpportunityWithContactsTest -->
