<?xml version="1.0" encoding="UTF-8"?>
<!-- Generated by org.testng.reporters.JUnitReportReporter -->
<testsuite hostname="DESKTOP-BJ80FP8" failures="0" tests="1" name="vtiger.CreateOrganizationTest.CreateOrganiationWithIndustryTest" time="41.169" errors="0" timestamp="2023-07-12T14:22:10 IST" skipped="0">
  <testcase classname="vtiger.CreateOrganizationTest.CreateOrganiationWithIndustryTest" name="createOrganiationWithIndustryTest" time="41.169"/>
  <system-out>
    <![CDATA[Click on Organizations link
Click on Create Org Look Up Image
organization created]]>
  </system-out>
</testsuite> <!-- vtiger.CreateOrganizationTest.CreateOrganiationWithIndustryTest -->
